<?xml version="1.0" encoding="UTF-8"?>
<testsuite name="censusanalyser.CensusAnalyserTest" tests="5" skipped="0" failures="0" errors="0" timestamp="2020-04-07T11:01:33" hostname="rageshwari" time="0.267">
  <properties/>
  <testcase name="givenIndianCensusCSVFileReturnsCorrectRecords" classname="censusanalyser.CensusAnalyserTest" time="0.225"/>
  <testcase name="givenIndiaCensusData_WithWrongDelimiter_ShouldThrowException" classname="censusanalyser.CensusAnalyserTest" time="0.02"/>
  <testcase name="givenIndiaCensusData_WithWrongFileType_ShouldThrowException" classname="censusanalyser.CensusAnalyserTest" time="0.0"/>
  <testcase name="givenIndiaCensusData_WithWrongHeader_ShouldThrowException" classname="censusanalyser.CensusAnalyserTest" time="0.019"/>
  <testcase name="givenIndiaCensusData_WithWrongFile_ShouldThrowException" classname="censusanalyser.CensusAnalyserTest" time="0.001"/>
  <system-out><![CDATA[]]></system-out>
  <system-err><![CDATA[]]></system-err>
</testsuite>
