<?xml version="1.0" encoding="UTF-8"?>
<testsuite name="censusanalyser.CensusAnalyserTest" tests="12" skipped="0" failures="0" errors="0" timestamp="2020-04-13T08:36:01" hostname="rageshwari" time="2.136">
  <properties/>
  <testcase name="givenIndiaStateCodeData_WithWrongFileType_ShouldThrowException" classname="censusanalyser.CensusAnalyserTest" time="1.311"/>
  <testcase name="givenIndiaCensusData_WhenSortedOnState_ShouldReturnSortResult" classname="censusanalyser.CensusAnalyserTest" time="0.387"/>
  <testcase name="givenIndiaStateCodeData_WithWrongDelimiter_ShouldThrowException" classname="censusanalyser.CensusAnalyserTest" time="0.068"/>
  <testcase name="givenIndianCensusCSVFileReturnsCorrectRecords" classname="censusanalyser.CensusAnalyserTest" time="0.062"/>
  <testcase name="givenIndiaStateData_WithWrongFile_ShouldThrowException" classname="censusanalyser.CensusAnalyserTest" time="0.043"/>
  <testcase name="givenIndiaCensusData_WithWrongDelimiter_ShouldThrowException" classname="censusanalyser.CensusAnalyserTest" time="0.022"/>
  <testcase name="givenIndiaStateCode_WhenSortedOnState_ShouldReturnSortResult" classname="censusanalyser.CensusAnalyserTest" time="0.025"/>
  <testcase name="givenIndiaCensusData_WithWrongFileType_ShouldThrowException" classname="censusanalyser.CensusAnalyserTest" time="0.04"/>
  <testcase name="givenIndianStateCodeCSVFileReturnsCorrectRecords" classname="censusanalyser.CensusAnalyserTest" time="0.046"/>
  <testcase name="givenIndiaCensusData_WithWrongHeader_ShouldThrowException" classname="censusanalyser.CensusAnalyserTest" time="0.094"/>
  <testcase name="givenIndiaCensusData_WithWrongFile_ShouldThrowException" classname="censusanalyser.CensusAnalyserTest" time="0.001"/>
  <testcase name="givenIndiaStateCodeData_WithWrongHeader_ShouldThrowException" classname="censusanalyser.CensusAnalyserTest" time="0.028"/>
  <system-out><![CDATA[[{"state":"Andhra Pradesh","population":"49386799","areaInSqKm":"162968","densityPerSqKm":"303"},{"state":"Arunachal Pradesh","population":"1382611","areaInSqKm":"21000","densityPerSqKm":"50"},{"state":"Assam","population":"31169272","areaInSqKm":"78438","densityPerSqKm":"397"},{"state":"Bihar","population":"103804637","areaInSqKm":"94163","densityPerSqKm":"1102"},{"state":"Chattisgarh","population":"25540196","areaInSqKm":"135191","densityPerSqKm":"189"},{"state":"Goa","population":"1457723","areaInSqKm":"3702","densityPerSqKm":"394"},{"state":"Gujarat","population":"60383628","areaInSqKm":"196024","densityPerSqKm":"308"},{"state":"Haryana","population":"25353081","areaInSqKm":"44212","densityPerSqKm":"573"},{"state":"Himachal Pradesh","population":"6864602","areaInSqKm":"55673","densityPerSqKm":"123"},{"state":"Jammu and Kashmir","population":"12548926","areaInSqKm":"222236","densityPerSqKm":"57"},{"state":"Jharkhand","population":"32966238","areaInSqKm":"79714","densityPerSqKm":"414"},{"state":"Karnataka","population":"61130704","areaInSqKm":"191791","densityPerSqKm":"319"},{"state":"Kerala","population":"33387677","areaInSqKm":"38863","densityPerSqKm":"859"},{"state":"Madhya Pradesh","population":"72597565","areaInSqKm":"308245","densityPerSqKm":"236"},{"state":"Maharashtra","population":"112372972","areaInSqKm":"307713","densityPerSqKm":"365"},{"state":"Manipur","population":"2721756","areaInSqKm":"22327","densityPerSqKm":"122"},{"state":"Meghalaya","population":"2964007","areaInSqKm":"22429","densityPerSqKm":"132"},{"state":"Mizoram","population":"1091014","areaInSqKm":"21081","densityPerSqKm":"52"},{"state":"Nagaland","population":"1980602","areaInSqKm":"16579","densityPerSqKm":"119"},{"state":"Odisha","population":"41947358","areaInSqKm":"155707","densityPerSqKm":"269"},{"state":"Punjab","population":"27704236","areaInSqKm":"50362","densityPerSqKm":"550"},{"state":"Rajasthan","population":"68621012","areaInSqKm":"342239","densityPerSqKm":"201"},{"state":"Sikkim","population":"607688","areaInSqKm":"7096","densityPerSqKm":"86"},{"state":"Tamil Nadu","population":"72138958","areaInSqKm":"130058","densityPerSqKm":"555"},{"state":"Telangana","population":"35286757","areaInSqKm":"114840","densityPerSqKm":"307"},{"state":"Tripura","population":"3671032","areaInSqKm":"10486","densityPerSqKm":"350"},{"state":"Uttar Pradesh","population":"199812341","areaInSqKm":"240928","densityPerSqKm":"828"},{"state":"Uttarakhand","population":"10116752","areaInSqKm":"53483","densityPerSqKm":"189"},{"state":"West Bengal","population":"91347736","areaInSqKm":"88752","densityPerSqKm":"1029"}]
[{"SrNo":"3","StateName":"AD","TIN":"37","StateCode":"AD"},{"SrNo":"1","StateName":"AN","TIN":"35","StateCode":"AN"},{"SrNo":"2","StateName":"AP","TIN":"28","StateCode":"AP"},{"SrNo":"4","StateName":"AR","TIN":"12","StateCode":"AR"},{"SrNo":"5","StateName":"AS","TIN":"18","StateCode":"AS"},{"SrNo":"6","StateName":"BH","TIN":"10","StateCode":"BH"},{"SrNo":"7","StateName":"CH","TIN":"04","StateCode":"CH"},{"SrNo":"8","StateName":"CT","TIN":"22","StateCode":"CT"},{"SrNo":"10","StateName":"DD","TIN":"25","StateCode":"DD"},{"SrNo":"11","StateName":"DL","TIN":"07","StateCode":"DL"},{"SrNo":"9","StateName":"DN","TIN":"26","StateCode":"DN"},{"SrNo":"12","StateName":"GA","TIN":"30","StateCode":"GA"},{"SrNo":"13","StateName":"GJ","TIN":"24","StateCode":"GJ"},{"SrNo":"15","StateName":"HP","TIN":"02","StateCode":"HP"},{"SrNo":"14","StateName":"HR","TIN":"06","StateCode":"HR"},{"SrNo":"17","StateName":"JH","TIN":"20","StateCode":"JH"},{"SrNo":"16","StateName":"JK","TIN":"01","StateCode":"JK"},{"SrNo":"18","StateName":"KA","TIN":"29","StateCode":"KA"},{"SrNo":"19","StateName":"KL","TIN":"32","StateCode":"KL"},{"SrNo":"20","StateName":"LD","TIN":"31","StateCode":"LD"},{"SrNo":"24","StateName":"ME","TIN":"17","StateCode":"ME"},{"SrNo":"22","StateName":"MH","TIN":"27","StateCode":"MH"},{"SrNo":"25","StateName":"MI","TIN":"15","StateCode":"MI"},{"SrNo":"23","StateName":"MN","TIN":"14","StateCode":"MN"},{"SrNo":"21","StateName":"MP","TIN":"23","StateCode":"MP"},{"SrNo":"26","StateName":"NL","TIN":"13","StateCode":"NL"},{"SrNo":"27","StateName":"OR","TIN":"21","StateCode":"OR"},{"SrNo":"29","StateName":"PB","TIN":"03","StateCode":"PB"},{"SrNo":"28","StateName":"PY","TIN":"34","StateCode":"PY"},{"SrNo":"30","StateName":"RJ","TIN":"08","StateCode":"RJ"},{"SrNo":"31","StateName":"SK","TIN":"11","StateCode":"SK"},{"SrNo":"32","StateName":"TN","TIN":"33","StateCode":"TN"},{"SrNo":"34","StateName":"TR","TIN":"16","StateCode":"TR"},{"SrNo":"33","StateName":"TS","TIN":"36","StateCode":"TS"},{"SrNo":"35","StateName":"UP","TIN":"09","StateCode":"UP"},{"SrNo":"36","StateName":"UT","TIN":"05","StateCode":"UT"},{"SrNo":"37","StateName":"WB","TIN":"19","StateCode":"WB"}]
]]></system-out>
  <system-err><![CDATA[Exception in thread "pool-3-thread-4" java.lang.RuntimeException: com.opencsv.exceptions.CsvRequiredFieldEmptyException: The following required fields were not present for one record of the input: StateCode
	at com.opencsv.bean.concurrent.ProcessCsvLine.run(ProcessCsvLine.java:91)
	at java.util.concurrent.ThreadPoolExecutor.runWorker(ThreadPoolExecutor.java:1149)
	at java.util.concurrent.ThreadPoolExecutor$Worker.run(ThreadPoolExecutor.java:624)
	at java.lang.Thread.run(Thread.java:748)
Caused by: com.opencsv.exceptions.CsvRequiredFieldEmptyException: The following required fields were not present for one record of the input: StateCode
	at com.opencsv.bean.HeaderColumnNameMappingStrategy.verifyLineLength(HeaderColumnNameMappingStrategy.java:148)
	at com.opencsv.bean.concurrent.ProcessCsvLine.processLine(ProcessCsvLine.java:122)
	at com.opencsv.bean.concurrent.ProcessCsvLine.run(ProcessCsvLine.java:82)
	... 3 more
Exception in thread "pool-6-thread-1" java.lang.RuntimeException: com.opencsv.exceptions.CsvRequiredFieldEmptyException: The following required fields were not present for one record of the input: areaInSqKm densityPerSqKm
	at com.opencsv.bean.concurrent.ProcessCsvLine.run(ProcessCsvLine.java:91)
	at java.util.concurrent.ThreadPoolExecutor.runWorker(ThreadPoolExecutor.java:1149)
	at java.util.concurrent.ThreadPoolExecutor$Worker.run(ThreadPoolExecutor.java:624)
	at java.lang.Thread.run(Thread.java:748)
Caused by: com.opencsv.exceptions.CsvRequiredFieldEmptyException: The following required fields were not present for one record of the input: areaInSqKm densityPerSqKm
	at com.opencsv.bean.HeaderColumnNameMappingStrategy.verifyLineLength(HeaderColumnNameMappingStrategy.java:148)
	at com.opencsv.bean.concurrent.ProcessCsvLine.processLine(ProcessCsvLine.java:122)
	at com.opencsv.bean.concurrent.ProcessCsvLine.run(ProcessCsvLine.java:82)
	... 3 more
]]></system-err>
</testsuite>
