<?xml version="1.0" encoding="UTF-8"?>
<testsuite name="censusanalyser.CensusAnalyserTest" tests="5" skipped="0" failures="0" errors="0" timestamp="2020-04-07T12:15:51" hostname="rageshwari" time="0.273">
  <properties/>
  <testcase name="givenIndianCensusCSVFileReturnsCorrectRecords" classname="censusanalyser.CensusAnalyserTest" time="0.239"/>
  <testcase name="givenIndiaCensusData_WithWrongDelimiter_ShouldThrowException" classname="censusanalyser.CensusAnalyserTest" time="0.014"/>
  <testcase name="givenIndiaCensusData_WithWrongFileType_ShouldThrowException" classname="censusanalyser.CensusAnalyserTest" time="0.0"/>
  <testcase name="givenIndiaCensusData_WithWrongHeader_ShouldThrowException" classname="censusanalyser.CensusAnalyserTest" time="0.013"/>
  <testcase name="givenIndiaCensusData_WithWrongFile_ShouldThrowException" classname="censusanalyser.CensusAnalyserTest" time="0.003"/>
  <system-out><![CDATA[]]></system-out>
  <system-err><![CDATA[]]></system-err>
</testsuite>
