<?xml version="1.0" encoding="UTF-8"?>
<testsuite name="censusanalyser.CensusAnalyserTest" tests="12" skipped="0" failures="0" errors="0" timestamp="2020-04-11T05:33:53" hostname="rageshwari" time="3.845">
  <properties/>
  <testcase name="givenIndiaStateCodeData_WithWrongFileType_ShouldThrowException" classname="censusanalyser.CensusAnalyserTest" time="0.738"/>
  <testcase name="givenIndiaCensusData_WhenSortedOnState_ShouldReturnSortResult" classname="censusanalyser.CensusAnalyserTest" time="0.74"/>
  <testcase name="givenIndiaStateCodeData_WithWrongDelimiter_ShouldThrowException" classname="censusanalyser.CensusAnalyserTest" time="0.674"/>
  <testcase name="givenIndianCensusCSVFileReturnsCorrectRecords" classname="censusanalyser.CensusAnalyserTest" time="0.042"/>
  <testcase name="givenIndiaStateData_WithWrongFile_ShouldThrowException" classname="censusanalyser.CensusAnalyserTest" time="0.047"/>
  <testcase name="givenIndiaCensusData_WithWrongDelimiter_ShouldThrowException" classname="censusanalyser.CensusAnalyserTest" time="0.022"/>
  <testcase name="givenIndiaStateCode_WhenSortedOnState_ShouldReturnSortResult" classname="censusanalyser.CensusAnalyserTest" time="0.058"/>
  <testcase name="givenIndiaCensusData_WithWrongFileType_ShouldThrowException" classname="censusanalyser.CensusAnalyserTest" time="0.0"/>
  <testcase name="givenIndianStateCodeCSVFileReturnsCorrectRecords" classname="censusanalyser.CensusAnalyserTest" time="0.124"/>
  <testcase name="givenIndiaCensusData_WithWrongHeader_ShouldThrowException" classname="censusanalyser.CensusAnalyserTest" time="0.708"/>
  <testcase name="givenIndiaCensusData_WithWrongFile_ShouldThrowException" classname="censusanalyser.CensusAnalyserTest" time="0.007"/>
  <testcase name="givenIndiaStateCodeData_WithWrongHeader_ShouldThrowException" classname="censusanalyser.CensusAnalyserTest" time="0.681"/>
  <system-out><![CDATA[[{"state":"Andhra Pradesh","population":"49386799","areaInSqKm":"162968","densityPerSqKm":"303"},{"state":"Arunachal Pradesh","population":"1382611","areaInSqKm":"21000","densityPerSqKm":"50"},{"state":"Assam","population":"31169272","areaInSqKm":"78438","densityPerSqKm":"397"},{"state":"Bihar","population":"103804637","areaInSqKm":"94163","densityPerSqKm":"1102"},{"state":"Chattisgarh","population":"25540196","areaInSqKm":"135191","densityPerSqKm":"189"},{"state":"Goa","population":"1457723","areaInSqKm":"3702","densityPerSqKm":"394"},{"state":"Gujarat","population":"60383628","areaInSqKm":"196024","densityPerSqKm":"308"},{"state":"Haryana","population":"25353081","areaInSqKm":"44212","densityPerSqKm":"573"},{"state":"Himachal Pradesh","population":"6864602","areaInSqKm":"55673","densityPerSqKm":"123"},{"state":"Jammu and Kashmir","population":"12548926","areaInSqKm":"222236","densityPerSqKm":"57"},{"state":"Jharkhand","population":"32966238","areaInSqKm":"79714","densityPerSqKm":"414"},{"state":"Karnataka","population":"61130704","areaInSqKm":"191791","densityPerSqKm":"319"},{"state":"Kerala","population":"33387677","areaInSqKm":"38863","densityPerSqKm":"859"},{"state":"Madhya Pradesh","population":"72597565","areaInSqKm":"308245","densityPerSqKm":"236"},{"state":"Maharashtra","population":"112372972","areaInSqKm":"307713","densityPerSqKm":"365"},{"state":"Manipur","population":"2721756","areaInSqKm":"22327","densityPerSqKm":"122"},{"state":"Meghalaya","population":"2964007","areaInSqKm":"22429","densityPerSqKm":"132"},{"state":"Mizoram","population":"1091014","areaInSqKm":"21081","densityPerSqKm":"52"},{"state":"Nagaland","population":"1980602","areaInSqKm":"16579","densityPerSqKm":"119"},{"state":"Odisha","population":"41947358","areaInSqKm":"155707","densityPerSqKm":"269"},{"state":"Punjab","population":"27704236","areaInSqKm":"50362","densityPerSqKm":"550"},{"state":"Rajasthan","population":"68621012","areaInSqKm":"342239","densityPerSqKm":"201"},{"state":"Sikkim","population":"607688","areaInSqKm":"7096","densityPerSqKm":"86"},{"state":"Tamil Nadu","population":"72138958","areaInSqKm":"130058","densityPerSqKm":"555"},{"state":"Telangana","population":"35286757","areaInSqKm":"114840","densityPerSqKm":"307"},{"state":"Tripura","population":"3671032","areaInSqKm":"10486","densityPerSqKm":"350"},{"state":"Uttar Pradesh","population":"199812341","areaInSqKm":"240928","densityPerSqKm":"828"},{"state":"Uttarakhand","population":"10116752","areaInSqKm":"53483","densityPerSqKm":"189"},{"state":"West Bengal","population":"91347736","areaInSqKm":"88752","densityPerSqKm":"1029"}]
[{"SrNo":"3","StateName":"Andhra Pradesh New","TIN":"37","StateCode":"AD"},{"SrNo":"1","StateName":"Andaman and Nicobar Islands","TIN":"35","StateCode":"AN"},{"SrNo":"2","StateName":"Andhra Pradesh","TIN":"28","StateCode":"AP"},{"SrNo":"4","StateName":"Arunachal Pradesh","TIN":"12","StateCode":"AR"},{"SrNo":"5","StateName":"Assam","TIN":"18","StateCode":"AS"},{"SrNo":"6","StateName":"Bihar","TIN":"10","StateCode":"BH"},{"SrNo":"7","StateName":"Chandigarh","TIN":"04","StateCode":"CH"},{"SrNo":"8","StateName":"Chattisgarh","TIN":"22","StateCode":"CT"},{"SrNo":"10","StateName":"Daman and Diu","TIN":"25","StateCode":"DD"},{"SrNo":"11","StateName":"Delhi","TIN":"07","StateCode":"DL"},{"SrNo":"9","StateName":"Dadra and Nagar Haveli","TIN":"26","StateCode":"DN"},{"SrNo":"12","StateName":"Goa","TIN":"30","StateCode":"GA"},{"SrNo":"13","StateName":"Gujarat","TIN":"24","StateCode":"GJ"},{"SrNo":"15","StateName":"Himachal Pradesh","TIN":"02","StateCode":"HP"},{"SrNo":"14","StateName":"Haryana","TIN":"06","StateCode":"HR"},{"SrNo":"17","StateName":"Jharkhand","TIN":"20","StateCode":"JH"},{"SrNo":"16","StateName":"Jammu and Kashmir","TIN":"01","StateCode":"JK"},{"SrNo":"18","StateName":"Karnataka","TIN":"29","StateCode":"KA"},{"SrNo":"19","StateName":"Kerala","TIN":"32","StateCode":"KL"},{"SrNo":"20","StateName":"Lakshadweep Islands","TIN":"31","StateCode":"LD"},{"SrNo":"24","StateName":"Meghalaya","TIN":"17","StateCode":"ME"},{"SrNo":"22","StateName":"Maharashtra","TIN":"27","StateCode":"MH"},{"SrNo":"25","StateName":"Mizoram","TIN":"15","StateCode":"MI"},{"SrNo":"23","StateName":"Manipur","TIN":"14","StateCode":"MN"},{"SrNo":"21","StateName":"Madhya Pradesh","TIN":"23","StateCode":"MP"},{"SrNo":"26","StateName":"Nagaland","TIN":"13","StateCode":"NL"},{"SrNo":"27","StateName":"Odisha","TIN":"21","StateCode":"OR"},{"SrNo":"29","StateName":"Punjab","TIN":"03","StateCode":"PB"},{"SrNo":"28","StateName":"Pondicherry","TIN":"34","StateCode":"PY"},{"SrNo":"30","StateName":"Rajasthan","TIN":"08","StateCode":"RJ"},{"SrNo":"31","StateName":"Sikkim","TIN":"11","StateCode":"SK"},{"SrNo":"32","StateName":"Tamil Nadu","TIN":"33","StateCode":"TN"},{"SrNo":"34","StateName":"Tripura","TIN":"16","StateCode":"TR"},{"SrNo":"33","StateName":"Telangana","TIN":"36","StateCode":"TS"},{"SrNo":"35","StateName":"Uttar Pradesh","TIN":"09","StateCode":"UP"},{"SrNo":"36","StateName":"Uttarakhand","TIN":"05","StateCode":"UT"},{"SrNo":"37","StateName":"West Bengal","TIN":"19","StateCode":"WB"}]
]]></system-out>
  <system-err><![CDATA[Exception in thread "pool-2-thread-4" java.lang.RuntimeException: com.opencsv.exceptions.CsvRequiredFieldEmptyException: The following required fields were not present for one record of the input: StateCode
	at com.opencsv.bean.concurrent.ProcessCsvLine.run(ProcessCsvLine.java:91)
	at java.util.concurrent.ThreadPoolExecutor.runWorker(ThreadPoolExecutor.java:1149)
	at java.util.concurrent.ThreadPoolExecutor$Worker.run(ThreadPoolExecutor.java:624)
	at java.lang.Thread.run(Thread.java:748)
Caused by: com.opencsv.exceptions.CsvRequiredFieldEmptyException: The following required fields were not present for one record of the input: StateCode
	at com.opencsv.bean.HeaderColumnNameMappingStrategy.verifyLineLength(HeaderColumnNameMappingStrategy.java:148)
	at com.opencsv.bean.concurrent.ProcessCsvLine.processLine(ProcessCsvLine.java:122)
	at com.opencsv.bean.concurrent.ProcessCsvLine.run(ProcessCsvLine.java:82)
	... 3 more
Exception in thread "pool-5-thread-1" java.lang.RuntimeException: com.opencsv.exceptions.CsvRequiredFieldEmptyException: The following required fields were not present for one record of the input: areaInSqKm densityPerSqKm
	at com.opencsv.bean.concurrent.ProcessCsvLine.run(ProcessCsvLine.java:91)
	at java.util.concurrent.ThreadPoolExecutor.runWorker(ThreadPoolExecutor.java:1149)
	at java.util.concurrent.ThreadPoolExecutor$Worker.run(ThreadPoolExecutor.java:624)
	at java.lang.Thread.run(Thread.java:748)
Caused by: com.opencsv.exceptions.CsvRequiredFieldEmptyException: The following required fields were not present for one record of the input: areaInSqKm densityPerSqKm
	at com.opencsv.bean.HeaderColumnNameMappingStrategy.verifyLineLength(HeaderColumnNameMappingStrategy.java:148)
	at com.opencsv.bean.concurrent.ProcessCsvLine.processLine(ProcessCsvLine.java:122)
	at com.opencsv.bean.concurrent.ProcessCsvLine.run(ProcessCsvLine.java:82)
	... 3 more
]]></system-err>
</testsuite>
