<?xml version="1.0" encoding="UTF-8"?>
<testsuite name="censusanalyser.CensusAnalyserTest" tests="1" skipped="0" failures="0" errors="0" timestamp="2020-04-06T11:32:49" hostname="rageshwari" time="0.136">
  <properties/>
  <testcase name="givenIndiaCensusData_WithWrongHeader_ShouldThrowException" classname="censusanalyser.CensusAnalyserTest" time="0.136"/>
  <system-out><![CDATA[]]></system-out>
  <system-err><![CDATA[]]></system-err>
</testsuite>
