<?xml version="1.0" encoding="UTF-8"?>
<testsuite name="censusanalyser.StateCodeAnalyserTests" tests="5" skipped="0" failures="0" errors="0" timestamp="2020-04-08T08:16:29" hostname="rageshwari" time="0.375">
  <properties/>
  <testcase name="givenIndiaStateCodeData_WithWrongFileType_ShouldThrowException" classname="censusanalyser.StateCodeAnalyserTests" time="0.0"/>
  <testcase name="givenIndiaStateCodeData_WithWrongDelimiter_ShouldThrowException" classname="censusanalyser.StateCodeAnalyserTests" time="0.077"/>
  <testcase name="givenIndiaStateData_WithWrongFile_ShouldThrowException" classname="censusanalyser.StateCodeAnalyserTests" time="0.225"/>
  <testcase name="givenIndianStateCodeCSVFileReturnsCorrectRecords" classname="censusanalyser.StateCodeAnalyserTests" time="0.05"/>
  <testcase name="givenIndiaStateCodeData_WithWrongHeader_ShouldThrowException" classname="censusanalyser.StateCodeAnalyserTests" time="0.022"/>
  <system-out><![CDATA[]]></system-out>
  <system-err><![CDATA[]]></system-err>
</testsuite>
