<?xml version="1.0" encoding="UTF-8"?>
<testsuite name="censusanalyser.StateCodeAnalyserTests" tests="2" skipped="0" failures="0" errors="0" timestamp="2020-04-06T16:37:27" hostname="rageshwari" time="0.326">
  <properties/>
  <testcase name="givenIndianCensusCSVFileReturnsCorrectRecords" classname="censusanalyser.StateCodeAnalyserTests" time="0.251"/>
  <testcase name="givenIndiaCensusData_WithWrongFile_ShouldThrowException" classname="censusanalyser.StateCodeAnalyserTests" time="0.073"/>
  <system-out><![CDATA[]]></system-out>
  <system-err><![CDATA[]]></system-err>
</testsuite>
